  [1m[35m (160.9ms)[0m  [1m[35mCREATE DATABASE `rvf_development` DEFAULT CHARACTER SET `utf8mb4` /*application='Backend'*/[0m
  [1m[35m (151.7ms)[0m  [1m[35mCREATE DATABASE `rvf_development` DEFAULT CHARACTER SET `utf8mb4` /*application='Backend'*/[0m
  [1m[35m (45.3ms)[0m  [1m[35mCREATE DATABASE `rvf_development` DEFAULT CHARACTER SET `utf8mb4` /*application='Backend'*/[0m
  [1m[35m (17.7ms)[0m  [1m[35mCREATE DATABASE `backend_test` DEFAULT CHARACTER SET `utf8mb4` /*application='Backend'*/[0m
  [1m[35m (12.1ms)[0m  [1m[35mCREATE TABLE `schema_migrations` (`version` varchar(255) NOT NULL PRIMARY KEY) /*application='Backend'*/[0m
  [1m[35m (6.2ms)[0m  [1m[35mCREATE TABLE `ar_internal_metadata` (`key` varchar(255) NOT NULL PRIMARY KEY, `value` varchar(255), `created_at` datetime(6) NOT NULL, `updated_at` datetime(6) NOT NULL) /*application='Backend'*/[0m
  [1m[35mSQL (0.1ms)[0m  [1m[34mSELECT GET_LOCK('1104160345960009485', 0) /*application='Backend'*/[0m
  [1m[36mActiveRecord::SchemaMigration Load (5.9ms)[0m  [1m[34mSELECT `schema_migrations`.`version` FROM `schema_migrations` ORDER BY `schema_migrations`.`version` ASC /*application='Backend'*/[0m
  [1m[36mActiveRecord::InternalMetadata Load (0.7ms)[0m  [1m[34mSELECT * FROM `ar_internal_metadata` WHERE `ar_internal_metadata`.`key` = 'environment' ORDER BY `ar_internal_metadata`.`key` ASC LIMIT 1 /*application='Backend'*/[0m
  [1m[36mActiveRecord::InternalMetadata Create (1.6ms)[0m  [1m[32mINSERT INTO `ar_internal_metadata` (`key`, `value`, `created_at`, `updated_at`) VALUES ('environment', 'development', '2025-05-09 13:04:39.638091', '2025-05-09 13:04:39.638094') /*application='Backend'*/[0m
Migrating to CreateCompanies (20250509125519)
  [1m[35m (10.3ms)[0m  [1m[35mCREATE TABLE `companies` (`id` bigint NOT NULL AUTO_INCREMENT PRIMARY KEY, `name` varchar(255) NOT NULL, `email` varchar(255) NOT NULL, `password_digest` varchar(255) NOT NULL, `created_at` datetime(6) NOT NULL, `updated_at` datetime(6) NOT NULL) /*application='Backend'*/[0m
  [1m[35m (16.1ms)[0m  [1m[35mCREATE UNIQUE INDEX `index_companies_on_email` ON `companies` (`email`) /*application='Backend'*/[0m
  [1m[36mActiveRecord::SchemaMigration Create (1.5ms)[0m  [1m[32mINSERT INTO `schema_migrations` (`version`) VALUES ('20250509125519') /*application='Backend'*/[0m
Migrating to CreateJobs (20250509125523)
  [1m[35m (111.5ms)[0m  [1m[35mCREATE TABLE `jobs` (`id` bigint NOT NULL AUTO_INCREMENT PRIMARY KEY, `title` varchar(255) NOT NULL, `description` text NOT NULL, `company_id` bigint NOT NULL, `created_at` datetime(6) NOT NULL, `updated_at` datetime(6) NOT NULL, INDEX `index_jobs_on_company_id` (`company_id`), CONSTRAINT `fk_rails_b34da78090`
FOREIGN KEY (`company_id`)
  REFERENCES `companies` (`id`)
) /*application='Backend'*/[0m
  [1m[35m (26.8ms)[0m  [1m[35mCREATE INDEX `index_jobs_on_title` ON `jobs` (`title`) /*application='Backend'*/[0m
  [1m[36mActiveRecord::SchemaMigration Create (2.5ms)[0m  [1m[32mINSERT INTO `schema_migrations` (`version`) VALUES ('20250509125523') /*application='Backend'*/[0m
Migrating to CreateApplications (20250509125528)
  [1m[35m (15.4ms)[0m  [1m[35mCREATE TABLE `applications` (`id` bigint NOT NULL AUTO_INCREMENT PRIMARY KEY, `name` varchar(255) NOT NULL, `email` varchar(255) NOT NULL, `resume_url` varchar(255), `status` varchar(255) DEFAULT 'pending' NOT NULL, `job_id` bigint NOT NULL, `created_at` datetime(6) NOT NULL, `updated_at` datetime(6) NOT NULL, INDEX `index_applications_on_job_id` (`job_id`), CONSTRAINT `fk_rails_7a1f279622`
FOREIGN KEY (`job_id`)
  REFERENCES `jobs` (`id`)
) /*application='Backend'*/[0m
  [1m[35m (6.8ms)[0m  [1m[35mCREATE INDEX `index_applications_on_email` ON `applications` (`email`) /*application='Backend'*/[0m
  [1m[35m (11.6ms)[0m  [1m[35mCREATE INDEX `index_applications_on_status` ON `applications` (`status`) /*application='Backend'*/[0m
  [1m[36mActiveRecord::SchemaMigration Create (2.2ms)[0m  [1m[32mINSERT INTO `schema_migrations` (`version`) VALUES ('20250509125528') /*application='Backend'*/[0m
  [1m[35mSQL (0.8ms)[0m  [1m[34mSELECT RELEASE_LOCK('1104160345960009485') /*application='Backend'*/[0m
  [1m[36mActiveRecord::SchemaMigration Load (0.3ms)[0m  [1m[34mSELECT `schema_migrations`.`version` FROM `schema_migrations` ORDER BY `schema_migrations`.`version` ASC /*application='Backend'*/[0m
